{
"/Users/kschiller/open/angular-webpack/src/app/about/about.component.ts":{"path":"/Users/kschiller/open/angular-webpack/src/app/about/about.component.ts","s":{"1":1,"2":1,"3":1,"4":1,"5":1,"6":1,"7":1,"8":1,"9":1},"b":{},"f":{"1":1,"2":1,"3":1},"fnMap":{"1":{"name":"(anonymous_1)","line":4,"loc":{"start":{"line":4,"column":36},"end":{"line":4,"column":48}}},"2":{"name":"AboutComponent","line":5,"loc":{"start":{"line":5,"column":4},"end":{"line":5,"column":30}}},"3":{"name":"(anonymous_3)","line":8,"loc":{"start":{"line":8,"column":40},"end":{"line":8,"column":52}}}},"statementMap":{"1":{"start":{"line":2,"column":0},"end":{"line":2,"column":62}},"2":{"start":{"line":3,"column":0},"end":{"line":3,"column":38}},"3":{"start":{"line":4,"column":0},"end":{"line":20,"column":5}},"4":{"start":{"line":5,"column":4},"end":{"line":7,"column":5}},"5":{"start":{"line":8,"column":4},"end":{"line":10,"column":6}},"6":{"start":{"line":9,"column":8},"end":{"line":9,"column":35}},"7":{"start":{"line":11,"column":4},"end":{"line":18,"column":23}},"8":{"start":{"line":19,"column":4},"end":{"line":19,"column":26}},"9":{"start":{"line":21,"column":0},"end":{"line":21,"column":40}}},"branchMap":{},"code":["\"use strict\";","Object.defineProperty(exports, \"__esModule\", { value: true });","var core_1 = require(\"@angular/core\");","var AboutComponent = /** @class */ (function () {","    function AboutComponent() {","        // Do stuff","    }","    AboutComponent.prototype.ngOnInit = function () {","        console.log('Hello About');","    };","    AboutComponent = __decorate([","        core_1.Component({","            selector: 'my-about',","            template: require('./about.component.html'),","            styles: [require('./about.component.scss')]","        }),","        __metadata(\"design:paramtypes\", [])","    ], AboutComponent);","    return AboutComponent;","}());","exports.AboutComponent = AboutComponent;","//# sourceMappingURL=data:application/json;base64,eyJ2ZXJzaW9uIjozLCJmaWxlIjoiYWJvdXQuY29tcG9uZW50LmpzIiwic291cmNlUm9vdCI6IiIsInNvdXJjZXMiOlsiYWJvdXQuY29tcG9uZW50LnRzIl0sIm5hbWVzIjpbXSwibWFwcGluZ3MiOiI7O0FBQUEsc0NBQWtEO0FBT2xEO0lBRUU7UUFDRSxXQUFXO0lBQ2IsQ0FBQztJQUVELGlDQUFRLEdBQVI7UUFDRSxPQUFPLENBQUMsR0FBRyxDQUFDLGFBQWEsQ0FBQyxDQUFDO0lBQzdCLENBQUM7SUFSVSxjQUFjO1FBTDFCLGdCQUFTLENBQUM7WUFDVCxRQUFRLEVBQUUsVUFBVTtZQUNwQixRQUFRLEVBQUUsT0FBTyxDQUFDLHdCQUF3QixDQUFDO1lBQzNDLE1BQU0sRUFBRSxDQUFDLE9BQU8sQ0FBQyx3QkFBd0IsQ0FBQyxDQUFDO1NBQzVDLENBQUM7O09BQ1csY0FBYyxDQVUxQjtJQUFELHFCQUFDO0NBQUEsQUFWRCxJQVVDO0FBVlksd0NBQWMifQ=="],"l":{"2":1,"3":1,"4":1,"5":1,"8":1,"9":1,"11":1,"19":1,"21":1}},
"/Users/kschiller/open/angular-webpack/src/app/shared/index.ts":{"path":"/Users/kschiller/open/angular-webpack/src/app/shared/index.ts","s":{"1":1,"2":1,"3":1,"4":1,"5":1,"6":1},"b":{"1":[1,0]},"f":{"1":1},"fnMap":{"1":{"name":"__export","line":2,"loc":{"start":{"line":2,"column":0},"end":{"line":2,"column":21}}}},"statementMap":{"1":{"start":{"line":2,"column":0},"end":{"line":4,"column":1}},"2":{"start":{"line":3,"column":4},"end":{"line":3,"column":71}},"3":{"start":{"line":3,"column":21},"end":{"line":3,"column":71}},"4":{"start":{"line":3,"column":53},"end":{"line":3,"column":71}},"5":{"start":{"line":5,"column":0},"end":{"line":5,"column":62}},"6":{"start":{"line":6,"column":0},"end":{"line":6,"column":35}}},"branchMap":{"1":{"line":3,"type":"if","locations":[{"start":{"line":3,"column":21},"end":{"line":3,"column":21}},{"start":{"line":3,"column":21},"end":{"line":3,"column":21}}]}},"code":["\"use strict\";","function __export(m) {","    for (var p in m) if (!exports.hasOwnProperty(p)) exports[p] = m[p];","}","Object.defineProperty(exports, \"__esModule\", { value: true });","__export(require(\"./api.service\"));","//# sourceMappingURL=data:application/json;base64,eyJ2ZXJzaW9uIjozLCJmaWxlIjoiaW5kZXguanMiLCJzb3VyY2VSb290IjoiIiwic291cmNlcyI6WyJpbmRleC50cyJdLCJuYW1lcyI6W10sIm1hcHBpbmdzIjoiOzs7OztBQUFBLG1DQUE4QiJ9"],"l":{"2":1,"3":1,"5":1,"6":1}},
"/Users/kschiller/open/angular-webpack/src/app/shared/api.service.ts":{"path":"/Users/kschiller/open/angular-webpack/src/app/shared/api.service.ts","s":{"1":1,"2":1,"3":1,"4":1,"5":2,"6":1,"7":1,"8":1},"b":{},"f":{"1":1,"2":2},"fnMap":{"1":{"name":"(anonymous_1)","line":4,"loc":{"start":{"line":4,"column":32},"end":{"line":4,"column":44}}},"2":{"name":"ApiService","line":5,"loc":{"start":{"line":5,"column":4},"end":{"line":5,"column":26}}}},"statementMap":{"1":{"start":{"line":2,"column":0},"end":{"line":2,"column":62}},"2":{"start":{"line":3,"column":0},"end":{"line":3,"column":38}},"3":{"start":{"line":4,"column":0},"end":{"line":12,"column":5}},"4":{"start":{"line":5,"column":4},"end":{"line":7,"column":5}},"5":{"start":{"line":6,"column":8},"end":{"line":6,"column":33}},"6":{"start":{"line":8,"column":4},"end":{"line":10,"column":19}},"7":{"start":{"line":11,"column":4},"end":{"line":11,"column":22}},"8":{"start":{"line":13,"column":0},"end":{"line":13,"column":32}}},"branchMap":{},"code":["\"use strict\";","Object.defineProperty(exports, \"__esModule\", { value: true });","var core_1 = require(\"@angular/core\");","var ApiService = /** @class */ (function () {","    function ApiService() {","        this.title = 'Angular 2';","    }","    ApiService = __decorate([","        core_1.Injectable()","    ], ApiService);","    return ApiService;","}());","exports.ApiService = ApiService;","//# sourceMappingURL=data:application/json;base64,eyJ2ZXJzaW9uIjozLCJmaWxlIjoiYXBpLnNlcnZpY2UuanMiLCJzb3VyY2VSb290IjoiIiwic291cmNlcyI6WyJhcGkuc2VydmljZS50cyJdLCJuYW1lcyI6W10sIm1hcHBpbmdzIjoiOztBQUFBLHNDQUEyQztBQUczQztJQURBO1FBRUUsVUFBSyxHQUFHLFdBQVcsQ0FBQztJQUN0QixDQUFDO0lBRlksVUFBVTtRQUR0QixpQkFBVSxFQUFFO09BQ0EsVUFBVSxDQUV0QjtJQUFELGlCQUFDO0NBQUEsQUFGRCxJQUVDO0FBRlksZ0NBQVUifQ=="],"l":{"2":1,"3":1,"4":1,"5":1,"6":2,"8":1,"11":1,"13":1}},
"/Users/kschiller/open/angular-webpack/src/app/app.component.ts":{"path":"/Users/kschiller/open/angular-webpack/src/app/app.component.ts","s":{"1":1,"2":1,"3":1,"4":1,"5":1,"6":1,"7":1,"8":1,"9":1,"10":1,"11":1,"12":1},"b":{},"f":{"1":1,"2":1},"fnMap":{"1":{"name":"(anonymous_1)","line":6,"loc":{"start":{"line":6,"column":34},"end":{"line":6,"column":46}}},"2":{"name":"AppComponent","line":7,"loc":{"start":{"line":7,"column":4},"end":{"line":7,"column":31}}}},"statementMap":{"1":{"start":{"line":2,"column":0},"end":{"line":2,"column":62}},"2":{"start":{"line":3,"column":0},"end":{"line":3,"column":38}},"3":{"start":{"line":4,"column":0},"end":{"line":4,"column":35}},"4":{"start":{"line":5,"column":0},"end":{"line":5,"column":29}},"5":{"start":{"line":6,"column":0},"end":{"line":21,"column":5}},"6":{"start":{"line":7,"column":4},"end":{"line":11,"column":5}},"7":{"start":{"line":8,"column":8},"end":{"line":8,"column":23}},"8":{"start":{"line":9,"column":8},"end":{"line":9,"column":65}},"9":{"start":{"line":10,"column":8},"end":{"line":10,"column":36}},"10":{"start":{"line":12,"column":4},"end":{"line":19,"column":21}},"11":{"start":{"line":20,"column":4},"end":{"line":20,"column":24}},"12":{"start":{"line":22,"column":0},"end":{"line":22,"column":36}}},"branchMap":{},"code":["\"use strict\";","Object.defineProperty(exports, \"__esModule\", { value: true });","var core_1 = require(\"@angular/core\");","var shared_1 = require(\"./shared\");","require(\"../style/app.scss\");","var AppComponent = /** @class */ (function () {","    function AppComponent(api) {","        this.api = api;","        this.url = 'https://github.com/preboot/angular2-webpack';","        this.title = this.api.title;","    }","    AppComponent = __decorate([","        core_1.Component({","            selector: 'my-app',","            template: require('./app.component.html'),","            styles: [require('./app.component.scss')],","        }),","        __metadata(\"design:paramtypes\", [shared_1.ApiService])","    ], AppComponent);","    return AppComponent;","}());","exports.AppComponent = AppComponent;","//# sourceMappingURL=data:application/json;base64,eyJ2ZXJzaW9uIjozLCJmaWxlIjoiYXBwLmNvbXBvbmVudC5qcyIsInNvdXJjZVJvb3QiOiIiLCJzb3VyY2VzIjpbImFwcC5jb21wb25lbnQudHMiXSwibmFtZXMiOltdLCJtYXBwaW5ncyI6Ijs7QUFBQSxzQ0FBMEM7QUFFMUMsbUNBQXNDO0FBRXRDLDZCQUEyQjtBQU8zQjtJQUlFLHNCQUFvQixHQUFlO1FBQWYsUUFBRyxHQUFILEdBQUcsQ0FBWTtRQUhuQyxRQUFHLEdBQUcsNkNBQTZDLENBQUM7UUFJbEQsSUFBSSxDQUFDLEtBQUssR0FBRyxJQUFJLENBQUMsR0FBRyxDQUFDLEtBQUssQ0FBQztJQUM5QixDQUFDO0lBTlUsWUFBWTtRQUx4QixnQkFBUyxDQUFDO1lBQ1QsUUFBUSxFQUFFLFFBQVE7WUFDbEIsUUFBUSxFQUFFLE9BQU8sQ0FBQyxzQkFBc0IsQ0FBQztZQUN6QyxNQUFNLEVBQUUsQ0FBQyxPQUFPLENBQUMsc0JBQXNCLENBQUMsQ0FBQztTQUMxQyxDQUFDO3lDQUt5QixtQkFBVTtPQUp4QixZQUFZLENBT3hCO0lBQUQsbUJBQUM7Q0FBQSxBQVBELElBT0M7QUFQWSxvQ0FBWSJ9"],"l":{"2":1,"3":1,"4":1,"5":1,"6":1,"7":1,"8":1,"9":1,"10":1,"12":1,"20":1,"22":1}},
"/Users/kschiller/open/angular-webpack/src/app/home/home.component.ts":{"path":"/Users/kschiller/open/angular-webpack/src/app/home/home.component.ts","s":{"1":1,"2":1,"3":1,"4":1,"5":1,"6":1,"7":1,"8":1,"9":1},"b":{},"f":{"1":1,"2":1,"3":1},"fnMap":{"1":{"name":"(anonymous_1)","line":4,"loc":{"start":{"line":4,"column":35},"end":{"line":4,"column":47}}},"2":{"name":"HomeComponent","line":5,"loc":{"start":{"line":5,"column":4},"end":{"line":5,"column":29}}},"3":{"name":"(anonymous_3)","line":8,"loc":{"start":{"line":8,"column":39},"end":{"line":8,"column":51}}}},"statementMap":{"1":{"start":{"line":2,"column":0},"end":{"line":2,"column":62}},"2":{"start":{"line":3,"column":0},"end":{"line":3,"column":38}},"3":{"start":{"line":4,"column":0},"end":{"line":20,"column":5}},"4":{"start":{"line":5,"column":4},"end":{"line":7,"column":5}},"5":{"start":{"line":8,"column":4},"end":{"line":10,"column":6}},"6":{"start":{"line":9,"column":8},"end":{"line":9,"column":34}},"7":{"start":{"line":11,"column":4},"end":{"line":18,"column":22}},"8":{"start":{"line":19,"column":4},"end":{"line":19,"column":25}},"9":{"start":{"line":21,"column":0},"end":{"line":21,"column":38}}},"branchMap":{},"code":["\"use strict\";","Object.defineProperty(exports, \"__esModule\", { value: true });","var core_1 = require(\"@angular/core\");","var HomeComponent = /** @class */ (function () {","    function HomeComponent() {","        // Do stuff","    }","    HomeComponent.prototype.ngOnInit = function () {","        console.log('Hello Home');","    };","    HomeComponent = __decorate([","        core_1.Component({","            selector: 'my-home',","            template: require('./home.component.html'),","            styles: [require('./home.component.scss')]","        }),","        __metadata(\"design:paramtypes\", [])","    ], HomeComponent);","    return HomeComponent;","}());","exports.HomeComponent = HomeComponent;","//# sourceMappingURL=data:application/json;base64,eyJ2ZXJzaW9uIjozLCJmaWxlIjoiaG9tZS5jb21wb25lbnQuanMiLCJzb3VyY2VSb290IjoiIiwic291cmNlcyI6WyJob21lLmNvbXBvbmVudC50cyJdLCJuYW1lcyI6W10sIm1hcHBpbmdzIjoiOztBQUFBLHNDQUFrRDtBQU9sRDtJQUVFO1FBQ0UsV0FBVztJQUNiLENBQUM7SUFFRCxnQ0FBUSxHQUFSO1FBQ0UsT0FBTyxDQUFDLEdBQUcsQ0FBQyxZQUFZLENBQUMsQ0FBQztJQUM1QixDQUFDO0lBUlUsYUFBYTtRQUx6QixnQkFBUyxDQUFDO1lBQ1QsUUFBUSxFQUFFLFNBQVM7WUFDbkIsUUFBUSxFQUFFLE9BQU8sQ0FBQyx1QkFBdUIsQ0FBQztZQUMxQyxNQUFNLEVBQUUsQ0FBQyxPQUFPLENBQUMsdUJBQXVCLENBQUMsQ0FBQztTQUMzQyxDQUFDOztPQUNXLGFBQWEsQ0FVekI7SUFBRCxvQkFBQztDQUFBLEFBVkQsSUFVQztBQVZZLHNDQUFhIn0="],"l":{"2":1,"3":1,"4":1,"5":1,"8":1,"9":1,"11":1,"19":1,"21":1}}}
